2020-12-14 14:47:27 | 457303001yl61b { status: 200,
  statusText: 'OK',
  headers:
   { date: 'Mon, 14 Dec 2020 14:47:27 GMT',
     server: 'Apache',
     expires: 'Thu, 19 Nov 1981 08:52:00 GMT',
     'cache-control': 'no-store, no-cache, must-revalidate',
     pragma: 'no-cache',
     authorization:
      'eyJ0eXAiOiJKV1QiLCJhbGciOiJIUzI1NiJ9.eyJpZF9hcHAiOiI0MjQiLCJpZF9hYm9ubmUiOiI2MzQyNiIsImRhdGVjcmVhdGlvbl9hcHAiOiIyMDIwLTEyLTEyIDEyOjE5OjUxIn0.7BkQviVdzbhgSEvA2J-Kog1fKGKaO1_lcfhZ1yAA8Eg',
     'set-cookie': [ 'PHPSESSID=brkav2flemnf0m0dgtqeoq3qgp; path=/' ],
     vary: 'Accept-Encoding',
     'x-frame-options': 'deny',
     connection: 'close',
     'transfer-encoding': 'chunked',
     'content-type': 'application/json' },
  config:
   { url:
      'https://app.ligdicash.com/pay/v01/redirect/checkout-invoice/create',
     method: 'post',
     data:
      '{"commande":{"invoice":{"items":[{"name":"SOURIS","description":"","quantity":2,"unit_price":7000,"total_price":14000},{"name":"PANNEAUX SOLAIRE MONCRISTALLINS","description":"","quantity":17,"unit_price":17000,"total_price":289000},{"name":"TELE LED SAMSUNG","description":"","quantity":13,"unit_price":200000,"total_price":2600000}],"devise":"xof","description":"Les enfants de la rue et les autres ne sont jamais les memes","customer":" 3456785434567","total_amount":32,"otp":""},"store":{"name":"S.pass Télécom"},"website_url":"spasstelecom.com","actions":{"returnUrl":"/validation/457303001yl61b/","cancelUrl":"/validation/457303001yl61b/"},"custom_data":{"boss":"Nanema","lieu":"Yako"}}}',
     headers:
      { Accept: 'application/json',
        'Content-Type': 'application/json',
        'User-Agent': 'LigdiCash payment  Checkout for Node.js',
        Apikey: 'ZVBGJYG9VS9B283ES',
        Authorization:
         'eyJ0eXAiOiJKV1QiLCJhbGciOiJIUzI1NiJ9.eyJpZF9hcHAiOiI0MjQiLCJpZF9hYm9ubmUiOiI2MzQyNiIsImRhdGVjcmVhdGlvbl9hcHAiOiIyMDIwLTEyLTEyIDEyOjE5OjUxIn0.7BkQviVdzbhgSEvA2J-Kog1fKGKaO1_lcfhZ1yAA8Eg',
        'Content-Length': 695 },
     transformRequest: [ [Function: transformRequest] ],
     transformResponse: [ [Function: transformResponse] ],
     timeout: 0,
     adapter: [Function: httpAdapter],
     xsrfCookieName: 'XSRF-TOKEN',
     xsrfHeaderName: 'X-XSRF-TOKEN',
     maxContentLength: -1,
     maxBodyLength: -1,
     validateStatus: [Function: validateStatus] },
  request:
   ClientRequest {
     _events:
      [Object: null prototype] {
        socket: [Function],
        abort: [Function],
        aborted: [Function],
        connect: [Function],
        error: [Function],
        timeout: [Function],
        prefinish: [Function: requestOnPrefinish] },
     _eventsCount: 7,
     _maxListeners: undefined,
     output: [],
     outputEncodings: [],
     outputCallbacks: [],
     outputSize: 0,
     writable: true,
     _last: true,
     chunkedEncoding: false,
     shouldKeepAlive: false,
     useChunkedEncodingByDefault: true,
     sendDate: false,
     _removedConnection: false,
     _removedContLen: false,
     _removedTE: false,
     _contentLength: null,
     _hasBody: true,
     _trailer: '',
     finished: true,
     _headerSent: true,
     socket:
      TLSSocket {
        _tlsOptions: [Object],
        _secureEstablished: true,
        _securePending: false,
        _newSessionPending: false,
        _controlReleased: true,
        _SNICallback: null,
        servername: 'app.ligdicash.com',
        alpnProtocol: false,
        authorized: true,
        authorizationError: null,
        encrypted: true,
        _events: [Object],
        _eventsCount: 9,
        connecting: false,
        _hadError: false,
        _handle: [TLSWrap],
        _parent: null,
        _host: 'app.ligdicash.com',
        _readableState: [ReadableState],
        readable: true,
        _maxListeners: undefined,
        _writableState: [WritableState],
        writable: false,
        allowHalfOpen: false,
        _sockname: null,
        _pendingData: null,
        _pendingEncoding: '',
        server: undefined,
        _server: null,
        ssl: [TLSWrap],
        _requestCert: true,
        _rejectUnauthorized: true,
        parser: null,
        _httpMessage: [Circular],
        [Symbol(res)]: [TLSWrap],
        [Symbol(asyncId)]: 288,
        [Symbol(lastWriteQueueSize)]: 0,
        [Symbol(timeout)]: null,
        [Symbol(kBytesRead)]: 0,
        [Symbol(kBytesWritten)]: 0,
        [Symbol(connect-options)]: [Object] },
     connection:
      TLSSocket {
        _tlsOptions: [Object],
        _secureEstablished: true,
        _securePending: false,
        _newSessionPending: false,
        _controlReleased: true,
        _SNICallback: null,
        servername: 'app.ligdicash.com',
        alpnProtocol: false,
        authorized: true,
        authorizationError: null,
        encrypted: true,
        _events: [Object],
        _eventsCount: 9,
        connecting: false,
        _hadError: false,
        _handle: [TLSWrap],
        _parent: null,
        _host: 'app.ligdicash.com',
        _readableState: [ReadableState],
        readable: true,
        _maxListeners: undefined,
        _writableState: [WritableState],
        writable: false,
        allowHalfOpen: false,
        _sockname: null,
        _pendingData: null,
        _pendingEncoding: '',
        server: undefined,
        _server: null,
        ssl: [TLSWrap],
        _requestCert: true,
        _rejectUnauthorized: true,
        parser: null,
        _httpMessage: [Circular],
        [Symbol(res)]: [TLSWrap],
        [Symbol(asyncId)]: 288,
        [Symbol(lastWriteQueueSize)]: 0,
        [Symbol(timeout)]: null,
        [Symbol(kBytesRead)]: 0,
        [Symbol(kBytesWritten)]: 0,
        [Symbol(connect-options)]: [Object] },
     _header:
      'POST /pay/v01/redirect/checkout-invoice/create HTTP/1.1\r\nAccept: application/json\r\nContent-Type: application/json\r\nUser-Agent: LigdiCash payment  Checkout for Node.js\r\nApikey: ZVBGJYG9VS9B283ES\r\nAuthorization: eyJ0eXAiOiJKV1QiLCJhbGciOiJIUzI1NiJ9.eyJpZF9hcHAiOiI0MjQiLCJpZF9hYm9ubmUiOiI2MzQyNiIsImRhdGVjcmVhdGlvbl9hcHAiOiIyMDIwLTEyLTEyIDEyOjE5OjUxIn0.7BkQviVdzbhgSEvA2J-Kog1fKGKaO1_lcfhZ1yAA8Eg\r\nContent-Length: 695\r\nHost: app.ligdicash.com\r\nConnection: close\r\n\r\n',
     _onPendingData: [Function: noopPendingOutput],
     agent:
      Agent {
        _events: [Object],
        _eventsCount: 1,
        _maxListeners: undefined,
        defaultPort: 443,
        protocol: 'https:',
        options: [Object],
        requests: {},
        sockets: [Object],
        freeSockets: {},
        keepAliveMsecs: 1000,
        keepAlive: false,
        maxSockets: Infinity,
        maxFreeSockets: 256,
        maxCachedSessions: 100,
        _sessionCache: [Object] },
     socketPath: undefined,
     timeout: undefined,
     method: 'POST',
     insecureHTTPParser: undefined,
     path: '/pay/v01/redirect/checkout-invoice/create',
     _ended: true,
     res:
      IncomingMessage {
        _readableState: [ReadableState],
        readable: false,
        _events: [Object],
        _eventsCount: 3,
        _maxListeners: undefined,
        socket: [TLSSocket],
        connection: [TLSSocket],
        httpVersionMajor: 1,
        httpVersionMinor: 1,
        httpVersion: '1.1',
        complete: true,
        headers: [Object],
        rawHeaders: [Array],
        trailers: {},
        rawTrailers: [],
        aborted: false,
        upgrade: false,
        url: '',
        method: null,
        statusCode: 200,
        statusMessage: 'OK',
        client: [TLSSocket],
        _consuming: false,
        _dumped: false,
        req: [Circular],
        responseUrl:
         'https://app.ligdicash.com/pay/v01/redirect/checkout-invoice/create',
        redirects: [] },
     aborted: undefined,
     timeoutCb: null,
     upgradeOrConnect: false,
     parser: null,
     maxHeadersCount: null,
     _redirectable:
      Writable {
        _writableState: [WritableState],
        writable: true,
        _events: [Object],
        _eventsCount: 2,
        _maxListeners: undefined,
        _options: [Object],
        _ended: true,
        _ending: true,
        _redirectCount: 0,
        _redirects: [],
        _requestBodyLength: 695,
        _requestBodyBuffers: [],
        _onNativeResponse: [Function],
        _currentRequest: [Circular],
        _currentUrl:
         'https://app.ligdicash.com/pay/v01/redirect/checkout-invoice/create' },
     [Symbol(isCorked)]: false,
     [Symbol(outHeadersKey)]:
      [Object: null prototype] {
        accept: [Array],
        'content-type': [Array],
        'user-agent': [Array],
        apikey: [Array],
        authorization: [Array],
        'content-length': [Array],
        host: [Array] } },
  data:
   { response_code: '01',
     token: '',
     response_text: 'Echec (Code00)',
     description: '',
     customdata: '',
     wiki: [ [Object], [Object] ] } }
2020-12-14 14:49:59 | 457303001yl61b { status: 200,
  statusText: 'OK',
  headers:
   { date: 'Mon, 14 Dec 2020 14:49:59 GMT',
     server: 'Apache',
     expires: 'Thu, 19 Nov 1981 08:52:00 GMT',
     'cache-control': 'no-store, no-cache, must-revalidate',
     pragma: 'no-cache',
     authorization:
      'eyJ0eXAiOiJKV1QiLCJhbGciOiJIUzI1NiJ9.eyJpZF9hcHAiOiI0MjQiLCJpZF9hYm9ubmUiOiI2MzQyNiIsImRhdGVjcmVhdGlvbl9hcHAiOiIyMDIwLTEyLTEyIDEyOjE5OjUxIn0.7BkQviVdzbhgSEvA2J-Kog1fKGKaO1_lcfhZ1yAA8Eg',
     'set-cookie': [ 'PHPSESSID=51atsqhh54nb52m94t7amohlil; path=/' ],
     vary: 'Accept-Encoding',
     'x-frame-options': 'deny',
     connection: 'close',
     'transfer-encoding': 'chunked',
     'content-type': 'application/json' },
  config:
   { url:
      'https://app.ligdicash.com/pay/v01/redirect/checkout-invoice/create',
     method: 'post',
     data:
      '{"commande":{"invoice":{"items":[{"name":"SOURIS","description":"","quantity":2,"unit_price":7000,"total_price":14000},{"name":"PANNEAUX SOLAIRE MONCRISTALLINS","description":"","quantity":17,"unit_price":17000,"total_price":289000},{"name":"TELE LED SAMSUNG","description":"","quantity":13,"unit_price":200000,"total_price":2600000}],"devise":"xof","description":"Les enfants de la rue et les autres ne sont jamais les memes","customer":" 3456785434567","total_amount":32,"otp":""},"store":{"name":"S.pass Télécom"},"website_url":"spasstelecom.com","actions":{"returnUrl":"/validation/457303001yl61b/","cancelUrl":"/validation/457303001yl61b/"},"custom_data":{"boss":"Nanema","lieu":"Yako"}}}',
     headers:
      { Accept: 'application/json',
        'Content-Type': 'application/json',
        'User-Agent': 'LigdiCash payment  Checkout for Node.js',
        Apikey: 'ZVBGJYG9VS9B283ES',
        Authorization:
         'eyJ0eXAiOiJKV1QiLCJhbGciOiJIUzI1NiJ9.eyJpZF9hcHAiOiI0MjQiLCJpZF9hYm9ubmUiOiI2MzQyNiIsImRhdGVjcmVhdGlvbl9hcHAiOiIyMDIwLTEyLTEyIDEyOjE5OjUxIn0.7BkQviVdzbhgSEvA2J-Kog1fKGKaO1_lcfhZ1yAA8Eg',
        'Content-Length': 695 },
     transformRequest: [ [Function: transformRequest] ],
     transformResponse: [ [Function: transformResponse] ],
     timeout: 0,
     adapter: [Function: httpAdapter],
     xsrfCookieName: 'XSRF-TOKEN',
     xsrfHeaderName: 'X-XSRF-TOKEN',
     maxContentLength: -1,
     maxBodyLength: -1,
     validateStatus: [Function: validateStatus] },
  request:
   ClientRequest {
     _events:
      [Object: null prototype] {
        socket: [Function],
        abort: [Function],
        aborted: [Function],
        connect: [Function],
        error: [Function],
        timeout: [Function],
        prefinish: [Function: requestOnPrefinish] },
     _eventsCount: 7,
     _maxListeners: undefined,
     output: [],
     outputEncodings: [],
     outputCallbacks: [],
     outputSize: 0,
     writable: true,
     _last: true,
     chunkedEncoding: false,
     shouldKeepAlive: false,
     useChunkedEncodingByDefault: true,
     sendDate: false,
     _removedConnection: false,
     _removedContLen: false,
     _removedTE: false,
     _contentLength: null,
     _hasBody: true,
     _trailer: '',
     finished: true,
     _headerSent: true,
     socket:
      TLSSocket {
        _tlsOptions: [Object],
        _secureEstablished: true,
        _securePending: false,
        _newSessionPending: false,
        _controlReleased: true,
        _SNICallback: null,
        servername: 'app.ligdicash.com',
        alpnProtocol: false,
        authorized: true,
        authorizationError: null,
        encrypted: true,
        _events: [Object],
        _eventsCount: 9,
        connecting: false,
        _hadError: false,
        _handle: [TLSWrap],
        _parent: null,
        _host: 'app.ligdicash.com',
        _readableState: [ReadableState],
        readable: true,
        _maxListeners: undefined,
        _writableState: [WritableState],
        writable: false,
        allowHalfOpen: false,
        _sockname: null,
        _pendingData: null,
        _pendingEncoding: '',
        server: undefined,
        _server: null,
        ssl: [TLSWrap],
        _requestCert: true,
        _rejectUnauthorized: true,
        parser: null,
        _httpMessage: [Circular],
        [Symbol(res)]: [TLSWrap],
        [Symbol(asyncId)]: 230,
        [Symbol(lastWriteQueueSize)]: 0,
        [Symbol(timeout)]: null,
        [Symbol(kBytesRead)]: 0,
        [Symbol(kBytesWritten)]: 0,
        [Symbol(connect-options)]: [Object] },
     connection:
      TLSSocket {
        _tlsOptions: [Object],
        _secureEstablished: true,
        _securePending: false,
        _newSessionPending: false,
        _controlReleased: true,
        _SNICallback: null,
        servername: 'app.ligdicash.com',
        alpnProtocol: false,
        authorized: true,
        authorizationError: null,
        encrypted: true,
        _events: [Object],
        _eventsCount: 9,
        connecting: false,
        _hadError: false,
        _handle: [TLSWrap],
        _parent: null,
        _host: 'app.ligdicash.com',
        _readableState: [ReadableState],
        readable: true,
        _maxListeners: undefined,
        _writableState: [WritableState],
        writable: false,
        allowHalfOpen: false,
        _sockname: null,
        _pendingData: null,
        _pendingEncoding: '',
        server: undefined,
        _server: null,
        ssl: [TLSWrap],
        _requestCert: true,
        _rejectUnauthorized: true,
        parser: null,
        _httpMessage: [Circular],
        [Symbol(res)]: [TLSWrap],
        [Symbol(asyncId)]: 230,
        [Symbol(lastWriteQueueSize)]: 0,
        [Symbol(timeout)]: null,
        [Symbol(kBytesRead)]: 0,
        [Symbol(kBytesWritten)]: 0,
        [Symbol(connect-options)]: [Object] },
     _header:
      'POST /pay/v01/redirect/checkout-invoice/create HTTP/1.1\r\nAccept: application/json\r\nContent-Type: application/json\r\nUser-Agent: LigdiCash payment  Checkout for Node.js\r\nApikey: ZVBGJYG9VS9B283ES\r\nAuthorization: eyJ0eXAiOiJKV1QiLCJhbGciOiJIUzI1NiJ9.eyJpZF9hcHAiOiI0MjQiLCJpZF9hYm9ubmUiOiI2MzQyNiIsImRhdGVjcmVhdGlvbl9hcHAiOiIyMDIwLTEyLTEyIDEyOjE5OjUxIn0.7BkQviVdzbhgSEvA2J-Kog1fKGKaO1_lcfhZ1yAA8Eg\r\nContent-Length: 695\r\nHost: app.ligdicash.com\r\nConnection: close\r\n\r\n',
     _onPendingData: [Function: noopPendingOutput],
     agent:
      Agent {
        _events: [Object],
        _eventsCount: 1,
        _maxListeners: undefined,
        defaultPort: 443,
        protocol: 'https:',
        options: [Object],
        requests: {},
        sockets: [Object],
        freeSockets: {},
        keepAliveMsecs: 1000,
        keepAlive: false,
        maxSockets: Infinity,
        maxFreeSockets: 256,
        maxCachedSessions: 100,
        _sessionCache: [Object] },
     socketPath: undefined,
     timeout: undefined,
     method: 'POST',
     insecureHTTPParser: undefined,
     path: '/pay/v01/redirect/checkout-invoice/create',
     _ended: true,
     res:
      IncomingMessage {
        _readableState: [ReadableState],
        readable: false,
        _events: [Object],
        _eventsCount: 3,
        _maxListeners: undefined,
        socket: [TLSSocket],
        connection: [TLSSocket],
        httpVersionMajor: 1,
        httpVersionMinor: 1,
        httpVersion: '1.1',
        complete: true,
        headers: [Object],
        rawHeaders: [Array],
        trailers: {},
        rawTrailers: [],
        aborted: false,
        upgrade: false,
        url: '',
        method: null,
        statusCode: 200,
        statusMessage: 'OK',
        client: [TLSSocket],
        _consuming: false,
        _dumped: false,
        req: [Circular],
        responseUrl:
         'https://app.ligdicash.com/pay/v01/redirect/checkout-invoice/create',
        redirects: [] },
     aborted: undefined,
     timeoutCb: null,
     upgradeOrConnect: false,
     parser: null,
     maxHeadersCount: null,
     _redirectable:
      Writable {
        _writableState: [WritableState],
        writable: true,
        _events: [Object],
        _eventsCount: 2,
        _maxListeners: undefined,
        _options: [Object],
        _ended: true,
        _ending: true,
        _redirectCount: 0,
        _redirects: [],
        _requestBodyLength: 695,
        _requestBodyBuffers: [],
        _onNativeResponse: [Function],
        _currentRequest: [Circular],
        _currentUrl:
         'https://app.ligdicash.com/pay/v01/redirect/checkout-invoice/create' },
     [Symbol(isCorked)]: false,
     [Symbol(outHeadersKey)]:
      [Object: null prototype] {
        accept: [Array],
        'content-type': [Array],
        'user-agent': [Array],
        apikey: [Array],
        authorization: [Array],
        'content-length': [Array],
        host: [Array] } },
  data:
   { response_code: '01',
     token: '',
     response_text: 'Echec (Code00)',
     description: '',
     customdata: '',
     wiki: [ [Object], [Object] ] } }
2020-12-14 16:20:52 | 457512001jg61b Echec (Code00)
2020-12-14 16:21:41 | 457512001jg61b Echec (Code00)
2020-12-14 16:24:10 | 457512001jg61b Echec (Code00)
2020-12-14 16:25:09 | 457512001jg61b Echec (Code00)
2020-12-14 16:25:42 | 457512001jg61b Echec (Code00)
2020-12-14 16:25:58 | 457512001jg61b Echec (Code00)
2020-12-14 16:26:06 | 457512001jg61b Echec (Code00)
2020-12-14 16:32:59 | 457512001jg61b Echec (Code00)
2020-12-14 16:52:04 | 457552001cy61b Echec (Code00)
